2012-10-30 23:38:45,366 INFO  [DefaultSoapUICore] Creating new settings at [\\psf\Home\soapui-settings.xml]
2012-10-30 23:38:46,848 INFO  [SoapUI] Used java version: 1.7.0_02
2012-10-30 23:38:49,071 INFO  [IsolatedProcess] Executing command: "C:\Users\ADMINI~1\AppData\Local\Temp\JExplorer32.2.5.4.exe" "C:\Users\ADMINI~1\AppData\Local\Temp\JExplorer32.2.5.4.dll" {BAE553D5-6863-44EE-8071-FCAE2EDA8D36}
2012-10-30 23:39:03,752 ERROR [SoapUI] An error occured [\\psf\Home\soapui-settings.xml (The network name cannot be found)], see error log for details
2012-10-30 23:39:03,752 ERROR [errorlog] java.io.FileNotFoundException: \\psf\Home\soapui-settings.xml (The network name cannot be found)
java.io.FileNotFoundException: \\psf\Home\soapui-settings.xml (The network name cannot be found)
	at java.io.FileOutputStream.open(Native Method)
	at java.io.FileOutputStream.<init>(Unknown Source)
	at java.io.FileOutputStream.<init>(Unknown Source)
	at com.eviware.soapui.DefaultSoapUICore.saveSettings(DefaultSoapUICore.java:511)
	at com.eviware.soapui.SoapUI.onExit(SoapUI.java:1014)
	at com.eviware.soapui.SoapUI$MainFrameWindowListener.windowClosing(SoapUI.java:736)
	at java.awt.AWTEventMulticaster.windowClosing(Unknown Source)
	at java.awt.Window.processWindowEvent(Unknown Source)
	at javax.swing.JFrame.processWindowEvent(Unknown Source)
	at java.awt.Window.processEvent(Unknown Source)
	at java.awt.Component.dispatchEventImpl(Unknown Source)
	at java.awt.Container.dispatchEventImpl(Unknown Source)
	at java.awt.Window.dispatchEventImpl(Unknown Source)
	at java.awt.Component.dispatchEvent(Unknown Source)
	at java.awt.EventQueue.dispatchEventImpl(Unknown Source)
	at java.awt.EventQueue.access$000(Unknown Source)
	at java.awt.EventQueue$3.run(Unknown Source)
	at java.awt.EventQueue$3.run(Unknown Source)
	at java.security.AccessController.doPrivileged(Native Method)
	at java.security.ProtectionDomain$1.doIntersectionPrivilege(Unknown Source)
	at java.security.ProtectionDomain$1.doIntersectionPrivilege(Unknown Source)
	at java.awt.EventQueue$4.run(Unknown Source)
	at java.awt.EventQueue$4.run(Unknown Source)
	at java.security.AccessController.doPrivileged(Native Method)
	at java.security.ProtectionDomain$1.doIntersectionPrivilege(Unknown Source)
	at java.awt.EventQueue.dispatchEvent(Unknown Source)
	at java.awt.EventDispatchThread.pumpOneEventForFilters(Unknown Source)
	at java.awt.EventDispatchThread.pumpEventsForFilter(Unknown Source)
	at java.awt.EventDispatchThread.pumpEventsForHierarchy(Unknown Source)
	at java.awt.EventDispatchThread.pumpEvents(Unknown Source)
	at java.awt.EventDispatchThread.pumpEvents(Unknown Source)
	at java.awt.EventDispatchThread.run(Unknown Source)
